 160202-GOLD-40+70 -s1 -g -manuf
...+++..+++.++++...++.+.+.+++....+..+!..++...++.................
Chip 4 f0=1.200232E7 CC=15 CF=0
 38 16 45 32 23 26 12 0 15 0 7 +-0.3007063227847843
30 sec
19 sec
SPECI heuristic: 0.3007063227847843
MANUF heuristic: 0.3007063227847843
SPECI enhanced:  0.3007063227847843
MANUF enhanced:  0.3007063227847843
-------
Chip 5 f0=1.200232E7 CC=15 CF=0
 23 16 36 1 23 5 15 0 15 0 7 +-0.4201405616334543
15 sec
14 sec
SPECI heuristic: 0.4201405616334543
MANUF heuristic: 0.4201405616334543
SPECI enhanced:  0.4201405616334543
MANUF enhanced:  0.4201405616334543
-------
Chip 6 f0=1.200232E7 CC=15 CF=0
 21 18 15 0 15 1 13 0 15 0 7 +-0.5510651365303721
24 sec
15 sec
SPECI heuristic: 0.5510651365303721
MANUF heuristic: 0.5510651365303721
SPECI enhanced:  0.5510651365303721
MANUF enhanced:  0.5510651365303721
-------
Chip 9 f0=1.200232E7 CC=15 CF=0
 16 19 55 1 17 0 12 0 15 0 7 +-0.3981947016228512
13 sec
14 sec
SPECI heuristic: 0.3981947016228512
MANUF heuristic: 0.3981947016228512
SPECI enhanced:  0.3981947016228512
MANUF enhanced:  0.3981947016228512
-------
Chip 10 f0=1.200232E7 CC=10 CF=0
 39 16 30 24 23 31 13 0 10 0 7 +-0.2893122108528477
26 sec
23 sec
SPECI heuristic: 0.2893122108528477
MANUF heuristic: 0.2893122108528477
SPECI enhanced:  0.2893122108528477
MANUF enhanced:  0.2893122108528477
-------
Chip 11 f0=1.200232E7 CC=15 CF=0
 18 18 77 15 21 8 12 0 15 0 7 +-0.32100092950846304
13 sec
16 sec
SPECI heuristic: 0.32100092950846304
MANUF heuristic: 0.32100092950846304
SPECI enhanced:  0.32100092950846304
MANUF enhanced:  0.32100092950846304
-------
Chip 13 f0=1.200232E7 CC=13 CF=0
 43 24 29 40 8 28 5 0 13 0 7 +-0.29796689409778493
23 sec
19 sec
SPECI heuristic: 0.29796689409778493
MANUF heuristic: 0.29796689409778493
SPECI enhanced:  0.29796689409778493
MANUF enhanced:  0.29796689409778493
-------
Chip 14 f0=1.200232E7 CC=15 CF=0
 7 22 21 0 12 0 9 0 15 0 7 +-0.6184844321231939
31 sec
14 sec
SPECI heuristic: 0.6184844321231939
MANUF heuristic: 0.6184844321231939
SPECI enhanced:  0.6184844321231939
MANUF enhanced:  0.6184844321231939
-------
Chip 15 f0=1.200232E7 CC=13 CF=0
 41 19 7 9 17 31 8 0 13 0 7 +-0.28332363409527883
24 sec
19 sec
SPECI heuristic: 0.28332363409527883
MANUF heuristic: 0.28332363409527883
SPECI enhanced:  0.28332363409527883
MANUF enhanced:  0.28332363409527883
-------
Chip 16 f0=1.200232E7 CC=14 CF=0
 17 18 42 2 17 12 12 0 14 0 7 +-0.33280654328664144
10 sec
17 sec
SPECI heuristic: 0.33280654328664144
MANUF heuristic: 0.33280654328664144
SPECI enhanced:  0.33280654328664144
MANUF enhanced:  0.33280654328664144
-------
Chip 20 f0=1.200232E7 CC=15 CF=0
 26 17 70 21 18 8 13 0 15 0 7 +-0.33098939733196514
29 sec
23 sec
SPECI heuristic: 0.33098939733196514
MANUF heuristic: 0.33098939733196514
SPECI enhanced:  0.33098939733196514
MANUF enhanced:  0.33098939733196514
-------
Chip 21 f0=1.200232E7 CC=0 CF=0
 0 31 1 124 31 27 0 0 0 0 7 +-499970.17229958123
75 sec
 0 26 1 125 31 31 14 0 0 0 7 +-499970.1394792604
 0 26 1 126 31 31 14 0 0 0 7 +-499970.07383861876
 0 26 1 127 31 31 14 0 0 0 7 +-499970.0081979771
 0 26 1 126 31 30 15 0 0 0 7 +-499969.9534974424
 0 26 1 127 31 30 15 0 0 0 7 +-499969.88785680075
 0 26 1 125 31 31 15 0 0 0 7 +-499969.844096373
 0 26 1 126 31 31 15 0 0 0 7 +-499969.77845573134
 0 26 1 127 31 31 15 0 0 0 7 +-499969.7128150896
 0 27 1 127 31 30 11 0 0 0 7 +-499969.69093487575
 0 27 1 125 31 31 11 0 0 0 7 +-499969.62529423414
 0 27 1 126 31 31 11 0 0 0 7 +-499969.55965359247
 0 27 1 127 31 31 11 0 0 0 7 +-499969.4940129508
 0 27 1 125 31 30 12 0 0 0 7 +-499969.48307284387
 0 27 1 126 31 30 12 0 0 0 7 +-499969.4174322022
 0 27 1 127 31 30 12 0 0 0 7 +-499969.35179156053
 0 27 1 125 31 31 12 0 0 0 7 +-499969.28615091887
 0 27 1 126 31 31 12 0 0 0 7 +-499969.23145038413
 0 27 1 127 31 31 12 0 0 0 7 +-499969.16580974247
 0 27 1 125 31 30 13 0 0 0 7 +-499969.1548696356
 0 27 1 126 31 30 13 0 0 0 7 +-499969.08922899386
 0 27 1 127 31 30 13 0 0 0 7 +-499969.0235883522
 0 27 1 125 31 31 13 0 0 0 7 +-499968.9579477105
 0 27 1 126 31 31 13 0 0 0 7 +-499968.89230706886
 0 27 1 127 31 31 13 0 0 0 7 +-499968.82666642725
 0 27 1 125 31 30 14 0 0 0 7 +-499968.81572632026
 0 27 1 126 31 30 14 0 0 0 7 +-499968.75008567865
 0 27 1 127 31 30 14 0 0 0 7 +-499968.684445037
 0 27 1 125 31 31 14 0 0 0 7 +-499968.6188043953
 0 27 1 126 31 31 14 0 0 0 7 +-499968.55316375365
 0 27 1 127 31 31 14 0 0 0 7 +-499968.498463219
 0 27 1 125 31 30 15 0 0 0 7 +-499968.48798698274
 0 27 1 126 31 30 15 0 0 0 7 +-499968.42512956564
 0 27 1 127 31 30 15 0 0 0 7 +-499968.3622721486
 0 27 1 125 31 31 15 0 0 0 7 +-499968.2994147315
 0 27 1 126 31 31 15 0 0 0 7 +-499968.2365573144
 0 27 1 127 31 31 15 0 0 0 7 +-499968.1736998973
 0 28 1 126 31 31 11 0 0 0 7 +-499968.15274742496
 0 28 1 127 31 31 11 0 0 0 7 +-499968.08989000786
 0 28 1 125 31 30 12 0 0 0 7 +-499968.0689375355
 0 28 1 126 31 30 12 0 0 0 7 +-499967.99560388224
 0 28 1 127 31 30 12 0 0 0 7 +-499967.93274646514
 0 28 1 125 31 31 12 0 0 0 7 +-499967.8594128118
 0 28 1 126 31 31 12 0 0 0 7 +-499967.7965553947
 0 28 1 127 31 31 12 0 0 0 7 +-499967.7336979777
 0 28 1 125 31 30 13 0 0 0 7 +-499967.71274550527
 0 28 1 126 31 30 13 0 0 0 7 +-499967.63941185205
 0 28 1 127 31 30 13 0 0 0 7 +-499967.57655443496
 0 28 1 124 31 31 13 0 0 0 7 +-499967.5660781988
 0 28 1 125 31 31 13 0 0 0 7 +-499967.5032207817
 0 28 1 126 31 31 13 0 0 0 7 +-499967.4403633646
 0 28 1 127 31 31 13 0 0 0 7 +-499967.3775059475
 0 28 1 125 31 30 14 0 0 0 7 +-499967.3460772389
 0 28 1 126 31 30 14 0 0 0 7 +-499967.2832198218
 0 28 1 127 31 30 14 0 0 0 7 +-499967.22036240477
 0 28 1 124 31 31 14 0 0 0 7 +-499967.2098861686
 0 28 1 125 31 31 14 0 0 0 7 +-499967.1470287515
 0 28 1 126 31 31 14 0 0 0 7 +-499967.08417133446
 0 28 1 127 31 31 14 0 0 0 7 +-499967.02131391736
 0 28 1 125 31 30 15 0 0 0 7 +-499966.9898852088
 0 28 1 126 31 30 15 0 0 0 7 +-499966.9270277917
 0 28 1 127 31 30 15 0 0 0 7 +-499966.8641703746
 0 28 1 124 31 31 15 0 0 0 7 +-499966.85369413835
 0 28 1 125 31 31 15 0 0 0 7 +-499966.7908367213
 0 28 1 126 31 31 15 0 0 0 7 +-499966.7279793042
 0 28 1 127 31 31 15 0 0 0 7 +-499966.6651218871
 0 29 1 126 31 31 11 0 0 0 7 +-499966.64416941477
 0 29 1 127 31 31 11 0 0 0 7 +-499966.57083576155
 0 29 1 125 31 30 12 0 0 0 7 +-499966.52893081674
 0 29 1 126 31 30 12 0 0 0 7 +-499966.46607339964
 0 29 1 127 31 30 12 0 0 0 7 +-499966.3927397464
 0 29 1 124 31 31 12 0 0 0 7 +-499966.3717872741
 0 29 1 125 31 31 12 0 0 0 7 +-499966.308929857
 0 29 1 126 31 31 12 0 0 0 7 +-499966.23559620365
 0 29 1 127 31 31 12 0 0 0 7 +-499966.17273878655
 0 29 1 125 31 30 13 0 0 0 7 +-499966.13083384186
 0 29 1 126 31 30 13 0 0 0 7 +-499966.05750018853
 0 29 1 127 31 30 13 0 0 0 7 +-499965.9946427715
 0 29 1 124 31 31 13 0 0 0 7 +-499965.9736902991
 0 29 1 125 31 31 13 0 0 0 7 +-499965.91083288204
 0 29 1 126 31 31 13 0 0 0 7 +-499965.8374992288
 0 29 1 127 31 31 13 0 0 0 7 +-499965.7764144912
 0 29 1 125 31 30 14 0 0 0 7 +-499965.7362822259
 0 29 1 126 31 30 14 0 0 0 7 +-499965.66605076165
 0 29 1 127 31 30 14 0 0 0 7 +-499965.6058523638
 0 29 1 124 31 31 14 0 0 0 7 +-499965.58578623115
 0 29 1 125 31 31 14 0 0 0 7 +-499965.5155547669
 0 29 1 126 31 31 14 0 0 0 7 +-499965.4553563691
 0 29 1 127 31 31 14 0 0 0 7 +-499965.3851249049
 0 29 1 125 31 30 15 0 0 0 7 +-499965.3449926397
 0 29 1 126 31 30 15 0 0 0 7 +-499965.2847942417
 0 29 1 127 31 30 15 0 0 0 7 +-499965.21456277755
 0 29 1 124 31 31 15 0 0 0 7 +-499965.2045297112
 0 29 1 125 31 31 15 0 0 0 7 +-499965.13429824705
 0 29 1 126 31 31 15 0 0 0 7 +-499965.07409984915
 0 29 1 127 31 31 15 0 0 0 7 +-499965.0038683849
 0 30 1 126 31 30 12 0 0 0 7 +-499964.943669987
 0 30 1 127 31 30 12 0 0 0 7 +-499964.87343852286
 0 30 1 124 31 31 12 0 0 0 7 +-499964.8533723902
 0 30 1 125 31 31 12 0 0 0 7 +-499964.78314092604
 0 30 1 126 31 31 12 0 0 0 7 +-499964.7129094618
 0 30 1 127 31 31 12 0 0 0 7 +-499964.6426779976
 0 30 1 125 31 30 13 0 0 0 7 +-499964.5824795997
 0 30 1 126 31 30 13 0 0 0 7 +-499964.52228120185
 0 30 1 127 31 30 13 0 0 0 7 +-499964.4520497377
 0 30 1 124 31 31 13 0 0 0 7 +-499964.4219505387
 0 30 1 125 31 31 13 0 0 0 7 +-499964.3517190745
 0 30 1 126 31 31 13 0 0 0 7 +-499964.2814876103
 0 30 1 127 31 31 13 0 0 0 7 +-499964.22128921235
 0 30 1 125 31 30 14 0 0 0 7 +-499964.16109081457
 0 30 1 126 31 30 14 0 0 0 7 +-499964.09085935034
 0 30 1 127 31 30 14 0 0 0 7 +-499964.0206278861
 0 30 1 124 31 31 14 0 0 0 7 +-499963.9905286872
 0 30 1 125 31 31 14 0 0 0 7 +-499963.93033028924
 0 30 1 126 31 31 14 0 0 0 7 +-499963.86009882507
 0 30 1 127 31 31 14 0 0 0 7 +-499963.78986736084
 0 30 1 125 31 30 15 0 0 0 7 +-499963.729668963
 0 30 1 126 31 30 15 0 0 0 7 +-499963.65943749883
 0 30 1 127 31 30 15 0 0 0 7 +-499963.5992391009
 0 30 1 124 31 31 15 0 0 0 7 +-499963.56913990196
 0 30 1 125 31 31 15 0 0 0 7 +-499963.49890843773
 0 30 1 126 31 31 15 0 0 0 7 +-499963.42867697356
 0 30 1 127 31 31 15 0 0 0 7 +-499963.35844550934
 0 31 1 126 31 30 12 0 0 0 7 +-499963.2882140452
 0 31 1 127 31 30 12 0 0 0 7 +-499963.21924797294
 0 31 1 124 31 31 12 0 0 0 7 +-499963.180802897
 0 31 1 125 31 31 12 0 0 0 7 +-499963.1135240141
 0 31 1 126 31 31 12 0 0 0 7 +-499963.0462451312
 0 31 1 127 31 31 12 0 0 0 7 +-499962.9789662483
 0 31 1 124 31 30 13 0 0 0 7 +-499962.9693549793
 0 31 1 125 31 30 13 0 0 0 7 +-499962.8924648274
 0 31 1 126 31 30 13 0 0 0 7 +-499962.82518594444
 0 31 1 127 31 30 13 0 0 0 7 +-499962.7579070615
 0 31 1 124 31 31 13 0 0 0 7 +-499962.71946198563
 0 31 1 125 31 31 13 0 0 0 7 +-499962.6521831027
 0 31 1 126 31 31 13 0 0 0 7 +-499962.5849042198
 0 31 1 127 31 31 13 0 0 0 7 +-499962.5176253368
 0 31 1 124 31 30 14 0 0 0 7 +-499962.5080140679
 0 31 1 125 31 30 14 0 0 0 7 +-499962.44073518494
 0 31 1 126 31 30 14 0 0 0 7 +-499962.3734563021
 0 31 1 127 31 30 14 0 0 0 7 +-499962.30617741914
 0 31 1 124 31 31 14 0 0 0 7 +-499962.26773234317
 0 31 1 125 31 31 14 0 0 0 7 +-499962.2004534603
 0 31 1 126 31 31 14 0 0 0 7 +-499962.1235633084
 0 31 1 127 31 31 14 0 0 0 7 +-499962.05628442543
 0 31 1 124 31 30 15 0 0 0 7 +-499962.0466731565
 0 31 1 125 31 30 15 0 0 0 7 +-499961.97939427354
 0 31 1 126 31 30 15 0 0 0 7 +-499961.9121153907
 0 31 1 127 31 30 15 0 0 0 7 +-499961.84483650775
 0 31 1 124 31 31 15 0 0 0 7 +-499961.80639143183
 0 31 1 125 31 31 15 0 0 0 7 +-499961.7391125489
 0 31 1 126 31 31 15 0 0 0 7 +-499961.6718336659
 0 31 1 127 31 31 15 0 0 0 7 +-499961.6045547831
113 sec
SPECI heuristic: 499970.17229958123
MANUF heuristic: 499970.17229958123
SPECI enhanced:  499961.6045547831
MANUF enhanced:  499961.6045547831
-------
Chip 23 f0=1.200232E7 CC=15 CF=0
 2 31 14 0 10 1 5 0 15 0 7 +-1.5456766093706469
21 sec
 0 30 17 0 12 0 5 0 0 0 7 +-1.505119476577693
 0 31 14 1 11 0 5 0 0 0 7 +-1.4690398287298057
16 sec
SPECI heuristic: 1.5456766093706469
MANUF heuristic: 1.5456766093706469
SPECI enhanced:  1.4708846339636594
MANUF enhanced:  1.4690398287298057
-------
Chip 25 f0=1.200232E7 CC=15 CF=0
 35 16 71 58 25 29 15 0 15 0 7 +-0.3212999322632684
24 sec
21 sec
SPECI heuristic: 0.3212999322632684
MANUF heuristic: 0.3212999322632684
SPECI enhanced:  0.3212999322632684
MANUF enhanced:  0.3212999322632684
-------
Chip 27 f0=1.200232E7 CC=0 CF=0
 0 31 2 127 31 22 0 0 0 0 7 +-499956.4365817768
2 sec
2 sec
SPECI heuristic: 499956.4365817768
MANUF heuristic: 499956.4365817768
SPECI enhanced:  499956.4365817768
MANUF enhanced:  499956.4365817768
-------
Chip 28 f0=1.200232E7 CC=14 CF=0
 26 15 67 31 25 24 15 0 14 0 7 +-0.2892028757838088
17 sec
22 sec
SPECI heuristic: 0.2880540983673387
MANUF heuristic: 0.2892028757838088
SPECI enhanced:  0.2880540983673387
MANUF enhanced:  0.2892028757838088
-------
Chip 29 f0=1.200232E7 CC=15 CF=0
 4 31 2 0 10 0 5 0 15 0 7 +-2.4836975277246487
27 sec
 2 31 1 0 9 0 5 0 0 0 7 +-2.446043089688492
 3 31 1 0 9 0 5 0 0 0 7 +-2.32554224023572
 4 31 1 1 9 0 5 0 0 0 7 +-2.3032464762522316
 6 31 5 0 10 0 5 0 0 0 7 +-2.2548532713970175
19 sec
SPECI heuristic: 2.4878754856816525
MANUF heuristic: 2.4836975277246487
SPECI enhanced:  2.2548532713970175
MANUF enhanced:  2.2548532713970175
-------
Chip 34 f0=1.200232E7 CC=11 CF=0
 18 19 1 11 31 14 11 0 11 0 7 +-1.5723470725765054
61 sec
 15 18 1 16 31 4 15 0 0 0 7 +-1.5718544953721592
 16 18 1 14 31 8 15 0 0 0 7 +-1.549698343799367
18 sec
SPECI heuristic: 1.5723470725765054
MANUF heuristic: 1.5723470725765054
SPECI enhanced:  1.549698343799367
MANUF enhanced:  1.549698343799367
-------
Chip 37 f0=1.200232E7 CC=15 CF=0
 31 16 39 0 22 10 13 0 15 0 7 +-0.376489356665017
13 sec
16 sec
SPECI heuristic: 0.376489356665017
MANUF heuristic: 0.376489356665017
SPECI enhanced:  0.376489356665017
MANUF enhanced:  0.376489356665017
-------
Chip 41 f0=1.200232E7 CC=15 CF=0
 13 21 52 0 17 1 9 0 15 0 7 +-0.46832553445861824
20 sec
13 sec
SPECI heuristic: 0.46832553445861824
MANUF heuristic: 0.46832553445861824
SPECI enhanced:  0.46832553445861824
MANUF enhanced:  0.46832553445861824
-------
Chip 42 f0=1.200232E7 CC=15 CF=0
 24 15 68 12 26 8 14 0 15 0 7 +-0.29433222957622035
13 sec
17 sec
SPECI heuristic: 0.2989682888741382
MANUF heuristic: 0.29433222957622035
SPECI enhanced:  0.2989682888741382
MANUF enhanced:  0.29433222957622035
-------
Chip 46 f0=1.200232E7 CC=15 CF=0
 23 21 38 8 12 18 7 0 15 0 7 +-0.3029825290020146
11 sec
17 sec
SPECI heuristic: 0.3029825290020146
MANUF heuristic: 0.3029825290020146
SPECI enhanced:  0.3029825290020146
MANUF enhanced:  0.3029825290020146
-------
Chip 47 f0=1.200232E7 CC=15 CF=0
 41 16 77 78 23 24 15 0 15 0 7 +-0.3261666514011665
26 sec
17 sec
SPECI heuristic: 0.3261666514011665
MANUF heuristic: 0.3261666514011665
SPECI enhanced:  0.3261666514011665
MANUF enhanced:  0.3261666514011665
-------
