 160202-GOLD-40+70 -s2 -g -manuf
...+++..+++.++++...+..+.+..++....+..+...++...++.................
Chip 4 f0=1.200232E7 CC=15 CF=0
 39 17 39 41 20 23 11 0 15 0 7 +-0.23248937354512317
6 sec
10 sec
SPECI heuristic: 0.2505537825811031
MANUF heuristic: 0.23248937354512317
SPECI enhanced:  0.2505537825811031
MANUF enhanced:  0.23248937354512317
-------
Chip 5 f0=1.200232E7 CC=15 CF=0
 26 16 36 0 23 9 15 0 15 0 7 +-0.2760592140356929
6 sec
7 sec
SPECI heuristic: 0.2760592140356929
MANUF heuristic: 0.2760592140356929
SPECI enhanced:  0.2760592140356929
MANUF enhanced:  0.2760592140356929
-------
Chip 6 f0=1.200232E7 CC=15 CF=0
 25 16 27 0 24 2 15 0 15 0 7 +-0.3774465708998621
7 sec
7 sec
SPECI heuristic: 0.3774465708998621
MANUF heuristic: 0.3774465708998621
SPECI enhanced:  0.3774465708998621
MANUF enhanced:  0.3774465708998621
-------
Chip 9 f0=1.200232E7 CC=15 CF=0
 18 19 59 0 20 2 11 0 15 0 7 +-0.2937318907785604
6 sec
7 sec
SPECI heuristic: 0.2937318907785604
MANUF heuristic: 0.2937318907785604
SPECI enhanced:  0.2937318907785604
MANUF enhanced:  0.2937318907785604
-------
Chip 10 f0=1.200232E7 CC=10 CF=0
 41 18 23 26 20 30 9 0 10 0 7 +-0.2213973382247522
7 sec
10 sec
SPECI heuristic: 0.2213973382247522
MANUF heuristic: 0.2213973382247522
SPECI enhanced:  0.2213973382247522
MANUF enhanced:  0.2213973382247522
-------
Chip 11 f0=1.200232E7 CC=15 CF=0
 19 18 78 18 23 9 11 0 15 0 7 +-0.25417372154875184
9 sec
 19 17 83 25 25 4 14 0 0 0 7 +-0.24712349702170175
11 sec
SPECI heuristic: 0.25417372154875184
MANUF heuristic: 0.25417372154875184
SPECI enhanced:  0.24712349702170175
MANUF enhanced:  0.24712349702170175
-------
Chip 13 f0=1.200232E7 CC=13 CF=0
 45 18 47 71 17 31 12 0 13 0 7 +-0.2398045504956933
9 sec
10 sec
SPECI heuristic: 0.2398045504956933
MANUF heuristic: 0.2398045504956933
SPECI enhanced:  0.2398045504956933
MANUF enhanced:  0.2398045504956933
-------
Chip 14 f0=1.200232E7 CC=15 CF=0
 11 21 29 0 14 0 10 0 15 0 7 +-0.46612681528647143
7 sec
 10 21 31 1 17 0 9 0 0 0 7 +-0.46382010452880035
7 sec
SPECI heuristic: 0.46612681528647143
MANUF heuristic: 0.46612681528647143
SPECI enhanced:  0.46382010452880035
MANUF enhanced:  0.46382010452880035
-------
Chip 15 f0=1.200232E7 CC=13 CF=0
 43 18 8 21 19 31 10 0 13 0 7 +-0.24999429440398874
6 sec
 43 18 8 24 19 30 10 0 0 0 7 +-0.24274035156041732
11 sec
SPECI heuristic: 0.24999429440398874
MANUF heuristic: 0.24999429440398874
SPECI enhanced:  0.24274035156041732
MANUF enhanced:  0.24274035156041732
-------
Chip 16 f0=1.200232E7 CC=14 CF=0
 19 22 32 0 13 18 6 0 14 0 7 +-0.24004767600661153
6 sec
10 sec
SPECI heuristic: 0.24004767600661153
MANUF heuristic: 0.24004767600661153
SPECI enhanced:  0.24004767600661153
MANUF enhanced:  0.24004767600661153
-------
Chip 20 f0=1.200232E7 CC=15 CF=0
 28 16 78 20 26 11 12 0 15 0 7 +-0.2228835433902209
5 sec
8 sec
SPECI heuristic: 0.2228835433902209
MANUF heuristic: 0.2228835433902209
SPECI enhanced:  0.2228835433902209
MANUF enhanced:  0.2228835433902209
-------
Chip 23 f0=1.200232E7 CC=15 CF=0
 1 31 16 0 12 0 5 0 15 0 7 +-1.2820888100257468
8 sec
 1 31 13 0 10 1 5 0 0 0 7 +-1.2426254618356114
7 sec
SPECI heuristic: 1.2909411964063082
MANUF heuristic: 1.2820888100257468
SPECI enhanced:  1.2426254618356114
MANUF enhanced:  1.2426254618356114
-------
Chip 25 f0=1.200232E7 CC=15 CF=0
 36 22 43 45 11 25 7 0 15 0 7 +-0.22204132541595084
9 sec
9 sec
SPECI heuristic: 0.22204132541595084
MANUF heuristic: 0.22204132541595084
SPECI enhanced:  0.22204132541595084
MANUF enhanced:  0.22204132541595084
-------
Chip 28 f0=1.200232E7 CC=14 CF=0
 27 17 60 36 22 21 11 0 14 0 7 +-0.20790566241275402
5 sec
10 sec
SPECI heuristic: 0.20790566241275402
MANUF heuristic: 0.20790566241275402
SPECI enhanced:  0.20790566241275402
MANUF enhanced:  0.20790566241275402
-------
Chip 29 f0=1.200232E7 CC=15 CF=0
 12 31 1 3 5 0 6 0 15 0 7 +-2.304996115768477
11 sec
 2 31 1 0 9 0 5 0 0 0 7 +-2.23575780774573
 3 31 1 1 9 0 5 0 0 0 7 +-2.1640131433111303
 3 31 3 0 10 0 5 0 0 0 7 +-2.146152617559094
 4 31 3 0 10 0 5 0 0 0 7 +-2.1188082836936792
 5 31 4 0 10 0 5 0 0 0 7 +-2.0767237069834565
 6 31 5 0 10 0 5 0 0 0 7 +-2.0566296661931833
 9 30 2 0 6 0 6 0 0 0 7 +-2.04472942396665
 12 31 4 0 6 0 6 0 0 0 7 +-2.014581389920227
10 sec
SPECI heuristic: 2.3129377997262752
MANUF heuristic: 2.304996115768477
SPECI enhanced:  2.014581389920227
MANUF enhanced:  2.014581389920227
-------
Chip 34 f0=1.200232E7 CC=11 CF=0
 24 20 1 23 31 17 9 0 11 0 7 +-1.6046023138808476
25 sec
 16 19 1 30 31 0 13 0 0 0 7 +-1.6004158887342221
 16 19 1 31 31 0 14 0 0 0 7 +-1.5842583500838239
 17 18 1 27 31 2 15 0 0 0 7 +-1.5722805287842847
 17 19 1 30 31 1 13 0 0 0 7 +-1.5715515259500747
 17 19 1 31 31 0 14 0 0 0 7 +-1.5562837931764397
 17 19 1 32 31 0 14 0 0 0 7 +-1.5410127601232133
 17 19 1 32 31 0 15 0 0 0 7 +-1.5313761842619489
 18 19 1 31 31 2 14 0 0 0 7 +-1.5235674921360998
 19 19 1 30 31 4 13 0 0 0 7 +-1.5171336996538465
12 sec
SPECI heuristic: 1.6046023138808476
MANUF heuristic: 1.6046023138808476
SPECI enhanced:  1.5171336996538465
MANUF enhanced:  1.5171336996538465
-------
Chip 37 f0=1.200232E7 CC=15 CF=0
 33 17 37 3 21 12 11 0 15 0 7 +-0.26408549162567513
4 sec
8 sec
SPECI heuristic: 0.26408549162567513
MANUF heuristic: 0.26408549162567513
SPECI enhanced:  0.26408549162567513
MANUF enhanced:  0.26408549162567513
-------
Chip 41 f0=1.200232E7 CC=15 CF=0
 15 21 52 2 16 0 10 0 15 0 7 +-0.35642008581857726
7 sec
7 sec
SPECI heuristic: 0.35642008581857726
MANUF heuristic: 0.35642008581857726
SPECI enhanced:  0.35642008581857726
MANUF enhanced:  0.35642008581857726
-------
Chip 42 f0=1.200232E7 CC=15 CF=0
 26 16 65 17 25 9 12 0 15 0 7 +-0.2274755608868711
6 sec
11 sec
SPECI heuristic: 0.2274755608868711
MANUF heuristic: 0.2274755608868711
SPECI enhanced:  0.2274755608868711
MANUF enhanced:  0.2274755608868711
-------
Chip 46 f0=1.200232E7 CC=15 CF=0
 25 17 55 19 22 15 12 0 15 0 7 +-0.23114439973687106
5 sec
9 sec
SPECI heuristic: 0.23470634574956017
MANUF heuristic: 0.23114439973687106
SPECI enhanced:  0.23470634574956017
MANUF enhanced:  0.23114439973687106
-------
Chip 47 f0=1.200232E7 CC=15 CF=0
 42 19 60 66 17 24 9 0 15 0 7 +-0.26250812031024706
5 sec
10 sec
SPECI heuristic: 0.26250812031024706
MANUF heuristic: 0.26250812031024706
SPECI enhanced:  0.26250812031024706
MANUF enhanced:  0.26250812031024706
-------
