~/NetBeansProjects/thermocompensation/example$ java -ea -Djna.library.path=../lib -jar intopt-0.1-SNAPSHOT-jar-with-dependencies.jar 150601V15 -s1 -e0.01 -g
 150601V15_ -s1 -e0.01 -g
...+..+.+.+.+...+.+............................................
Chip 4
100000:[0.0,1.0945784171732762]
200000:[0.16716695452729857,1.073497763214012]
300000:[0.31792931848516065,0.9998348097627361]
400000:[0.43197424942627544,0.9980639362086852]
500000:[0.4456119425594806,0.9980639362086852]
600000:[0.4467095018674929,0.9841857850551604]
700000:[0.4501590905711054,0.9527869949427743]
800000:[0.4574859205943842,0.8946631730844576]
900000:[0.48532358789816493,0.8946631730844576]
1000000:[0.5165003766305744,0.8946631730844576]
1100000:[0.550471549698462,0.8946631730844576]
1200000:[0.5851901308633386,0.8946631730844576]
1300000:[0.614028583591183,0.8946631730844576]
1400000:[0.6409690125534931,0.8946631730844576]
1500000:[0.6684843585826455,0.8946631730844576]
1600000:[0.6962687917985021,0.8946631730844576]
1700000:[0.7236930785390236,0.8946631730844576]
1800000:[0.7506089002514877,0.8946631730844576]
1900000:[0.7620912104224165,0.8675979574521382]
2000000:[0.7834239847337205,0.8675979574521382]
2100000:[0.8046445543877779,0.8675979574521382]
2200000:[0.8251012863280871,0.837315504439175]
48 15 111 112 6 25 10 min 0.8254238565762837 max 0.8254238565762837
48552 sec
 48 16 105 104 6 25 8 0 0 0 7 +-0.8440648134176929
43 sec
status = 0
IDEAL interval : 0.8254238565762839
SPECI interval : 0.8481593118049205
MANUF interval : 0.8481593118049205
IDEAL heuristic: 0.83841835676382
SPECI heuristic: 0.8440648134176931
MANUF heuristic: 0.8440648134176931
-------
Chip 7
100000:[0.5613216750013331,1.29633164855962]
200000:[0.7709178989753126,1.2590443134928742]
300000:[0.9264720431528984,1.2590443134928742]
400000:[1.0327032200681665,1.2248483177584906]
500000:[1.0905495532788334,1.1803071744119127]
63 17 79 123 8 26 5 min 1.1048811833995082 max 1.1048811833995082
11783 sec
 63 17 80 124 8 26 5 0 0 0 7 +-1.1472942768596113
17 sec
status = 0
IDEAL interval : 1.1048811833995087
SPECI interval : 1.1299045498793325
MANUF interval : 1.1299045498793325
IDEAL heuristic: 1.136208820777635
SPECI heuristic: 1.1472942768596115
MANUF heuristic: 1.1472942768596115
-------
Chip 9
100000:[1.544526872069885,1.6353455814532933]
63 16 87 125 1 24 8 min 1.5966603144382434 max 1.5967152769056456
3079 sec
 63 16 88 125 1 24 8 0 0 0 7 +-1.619922411472847
14 sec
status = 0
IDEAL interval : 1.5967152769056463
SPECI interval : 1.605117401108146
MANUF interval : 1.605117401108146
IDEAL heuristic: 1.619447309523821
SPECI heuristic: 1.6199224114728474
MANUF heuristic: 1.6199224114728474
-------
Chip 11
100000:[0.17402985940376914,1.3772045948232212]
200000:[0.2732386804806689,1.3257348945674796]
300000:[0.29580264290173847,1.2709846600579717]
400000:[0.30965545897682506,1.2301605331401029]
500000:[0.33284309490894276,1.080169367759178]
600000:[0.38551793449247873,1.080169367759178]
700000:[0.4478768569727738,1.080169367759178]
800000:[0.5112594482488929,1.080169367759178]
900000:[0.5711270168734093,1.080169367759178]
1000000:[0.6285040432897706,1.080169367759178]
1100000:[0.6589821549132465,1.080169367759178]
1200000:[0.7021089950576423,1.080169367759178]
1300000:[0.7450632285326718,1.080169367759178]
1400000:[0.7822411910941203,1.080169367759178]
1500000:[0.8137950125771263,1.080169367759178]
1600000:[0.838287699346741,1.080169367759178]
1700000:[0.8656244338490068,1.080169367759178]
1800000:[0.8931654922974606,1.080169367759178]
1900000:[0.9199895160272716,1.080169367759178]
2000000:[0.9457366933735707,1.0287710259047647]
2100000:[0.9600190594792365,1.0287710259047647]
2200000:[0.9628313567178943,1.0287710259047647]
2300000:[0.9651828821127613,1.0287710259047647]
2400000:[0.9675820736835399,1.0287710259047647]
2500000:[0.9727412844076752,1.0287710259047647]
2600000:[0.9841090622358023,1.0287710259047647]
2700000:[0.9951298849967618,1.0090182819403706]
53 16 109 108 1 27 10 min 0.9990183579114575 max 1.0090182819403706
57590 sec
 53 14 122 126 2 28 14 0 0 0 7 +-1.0186063248353698
33 sec
status = 0
IDEAL interval : 1.009018281940371
SPECI interval : 1.0166249652393164
MANUF interval : 1.0166249652393164
IDEAL heuristic: 1.0010241771427295
SPECI heuristic: 1.0186063248353703
MANUF heuristic: 1.0186063248353703
-------
Chip 12
100000:[0.11885196125755706,0.8473472177671888]
200000:[0.13199740182608363,0.7563362306294341]
300000:[0.15833069973935682,0.7316872261775036]
400000:[0.20619688136503098,0.7222607115594049]
500000:[0.2704279862033824,0.7222607115594049]
600000:[0.3210091635895272,0.7222607115594049]
700000:[0.35720468498766417,0.7222607115594049]
800000:[0.3880217239881555,0.7222607115594049]
900000:[0.42769553853819764,0.6451828780894477]
1000000:[0.4653955471391479,0.6451828780894477]
1100000:[0.49047064812233043,0.6426892583258449]
1200000:[0.5179435270838438,0.6426892583258449]
1300000:[0.5467564266485472,0.6426892583258449]
57 16 121 97 5 22 6 min 0.5682130983720223 max 0.5682130983720223
28013 sec
 57 16 121 97 5 22 6 0 0 0 7 +-0.579148609812061
34 sec
status = 0
IDEAL interval : 0.5682130983720224
SPECI interval : 0.5791486098120611
MANUF interval : 0.5791486098120611
IDEAL heuristic: 0.5682130983720224
SPECI heuristic: 0.5791486098120611
MANUF heuristic: 0.5791486098120611
-------
Chip 14
100000:[0.0,0.9710344900377094]
200000:[0.03815523379792769,0.913610720851769]
300000:[0.14709616079926488,0.9032479957677423]
400000:[0.25494267310326296,0.7961031358378627]
500000:[0.3663544341300924,0.7961031358378627]
600000:[0.4581960608872274,0.7961031358378627]
700000:[0.4790612178233762,0.7961031358378627]
800000:[0.4856385057792067,0.7627584817819296]
900000:[0.5084258647014697,0.7627584817819296]
1000000:[0.5414287707147498,0.7627584817819296]
1100000:[0.5664354239900906,0.7627584817819296]
1200000:[0.5953004493688543,0.7627584817819296]
1300000:[0.6205671749388177,0.7627584817819296]
1400000:[0.6432396216938893,0.7627584817819296]
1500000:[0.6656966724743445,0.7627584817819296]
1600000:[0.6875880809190371,0.7627584817819296]
1700000:[0.7084649484604596,0.7627584817819296]
62 16 125 103 2 22 7 min 0.7201289813965558 max 0.7201289813965558
35751 sec
 62 16 125 103 2 22 7 0 0 0 7 +-0.71353488896663
34 sec
status = 0
IDEAL interval : 0.720128981396556
SPECI interval : 0.7135348889666301
MANUF interval : 0.7135348889666301
IDEAL heuristic: 0.720128981396556
SPECI heuristic: 0.7135348889666301
MANUF heuristic: 0.7135348889666301
-------
Chip 18
100000:[0.8966492268567283,1.5072861864852407]
200000:[0.9974152503224709,1.3976776157505808]
300000:[1.121089138711492,1.3976776157505808]
400000:[1.2353606165076294,1.3808839110036688]
63 20 105 95 5 25 4 min 1.2647153857784965 max 1.2647153857784965
8399 sec
 63 25 80 68 1 25 2 0 0 0 7 +-1.3588133642139533
16 sec
status = 0
IDEAL interval : 1.264715385778497
SPECI interval : 1.2795220635210476
MANUF interval : 1.2795220635210476
IDEAL heuristic: 1.3511136438076699
SPECI heuristic: 1.3588133642139537
MANUF heuristic: 1.3588133642139537
-------
Chip 20
100000:[0.0,0.7478337402765949]
200000:[0.0,0.7151694178270795]
300000:[0.0776007406723996,0.7151694178270795]
400000:[0.1627475923548142,0.6764909684037168]
500000:[0.24151231938352186,0.6764909684037168]
600000:[0.31040885283922154,0.6764909684037168]
700000:[0.372947991049538,0.6764909684037168]
800000:[0.43206020879248774,0.6322009786963462]
900000:[0.47666535417859746,0.6322009786963462]
1000000:[0.47983266832306976,0.6322009786963462]
1100000:[0.4815068733878433,0.6322009786963462]
1200000:[0.4831911157816648,0.6322009786963462]
1300000:[0.48458809576307726,0.6322009786963462]
1400000:[0.4864826786021391,0.6043314050572614]
1500000:[0.4895059114011625,0.6043314050572614]
1600000:[0.49958817645286513,0.6043314050572614]
1700000:[0.5158937722444533,0.6043314050572614]
1800000:[0.5329038659110664,0.6043314050572614]
1900000:[0.551520273865511,0.6043314050572614]
47 14 134 103 7 20 10 min 0.5684463732565442 max 0.5784462876617907
39404 sec
 47 12 154 120 15 19 12 0 0 0 7 +-0.5839623981155455
17 sec
status = 0
IDEAL interval : 0.578446287661791
SPECI interval : 0.5853356647615633
MANUF interval : 0.5853356647615633
IDEAL heuristic: 0.5877872210306427
SPECI heuristic: 0.5839623981155456
MANUF heuristic: 0.5839623981155456
-------

