 150601V15 -s2 -g -spec
...+..+.+.++.+...+.+............................................
Chip 4 f0=1.2E7 CC=0 CF=0
 48 16 101 108 3 24 9 0 0 0 7 +-0.8928029669138294
31 sec
22 sec
SPECI heuristic: 0.8928029669138294
MANUF heuristic: 0.8928029669138294
SPECI enhanced:  0.8928029669138294
MANUF enhanced:  0.8928029669138294
-------
Chip 7 f0=1.2E7 CC=0 CF=0
 63 18 71 115 4 26 5 0 0 0 7 +-1.2315869110946855
16 sec
21 sec
SPECI heuristic: 1.2315869110946855
MANUF heuristic: 1.2315869110946855
SPECI enhanced:  1.2315869110946855
MANUF enhanced:  1.2315869110946855
-------
Chip 9 f0=1.2E7 CC=0 CF=0
 63 16 93 124 4 24 7 0 0 0 7 +-1.4624188905581834
15 sec
 63 16 92 125 4 24 7 0 0 0 7 +-1.4533285312354567
 63 16 93 125 4 24 7 0 0 0 7 +-1.4349015876650812
 63 17 87 117 3 24 6 0 0 0 7 +-1.407384284771979
28 sec
SPECI heuristic: 1.4624188905581834
MANUF heuristic: 1.4624188905581834
SPECI enhanced:  1.407384284771979
MANUF enhanced:  1.407384284771979
-------
Chip 11 f0=1.2E7 CC=0 CF=0
 53 14 120 126 0 28 15 0 0 0 7 +-1.0456377674515052
39 sec
19 sec
SPECI heuristic: 1.0456377674515052
MANUF heuristic: 1.0456377674515052
SPECI enhanced:  1.0456377674515052
MANUF enhanced:  1.0456377674515052
-------
Chip 12 f0=1.2E7 CC=0 CF=0
 57 13 147 124 12 20 9 0 0 0 7 +-0.5773469999743006
36 sec
 57 13 143 124 9 20 10 0 0 0 7 +-0.5762972693579893
 57 15 130 107 7 21 7 0 0 0 7 +-0.5749092143960298
33 sec
SPECI heuristic: 0.5773469999743006
MANUF heuristic: 0.5773469999743006
SPECI enhanced:  0.5749092143960298
MANUF enhanced:  0.578341672041764
-------
Chip 14 f0=1.2E7 CC=0 CF=0
 62 14 137 116 3 22 10 0 0 0 7 +-0.7239909605123104
31 sec
28 sec
SPECI heuristic: 0.7239909605123104
MANUF heuristic: 0.7239909605123104
SPECI enhanced:  0.7239909605123104
MANUF enhanced:  0.7239909605123104
-------
Chip 18 f0=1.2E7 CC=0 CF=0
 63 20 104 94 5 25 4 0 0 0 7 +-1.3525082164754474
15 sec
 63 16 129 125 11 25 7 0 0 0 7 +-1.3360338310400648
 63 16 127 124 8 25 8 0 0 0 7 +-1.327823012756805
 63 16 128 123 9 26 8 0 0 0 7 +-1.3262542778005204
 63 17 122 120 9 24 6 0 0 0 7 +-1.3061190076793237
29 sec
SPECI heuristic: 1.3525082164754474
MANUF heuristic: 1.3525082164754474
SPECI enhanced:  1.3061190076793237
MANUF enhanced:  1.3061190076793237
-------
Chip 20 f0=1.2E7 CC=0 CF=0
 48 14 133 98 9 22 9 0 0 0 7 +-0.5428636063200734
36 sec
25 sec
SPECI heuristic: 0.5428636063200734
MANUF heuristic: 0.5428636063200734
SPECI enhanced:  0.5428636063200734
MANUF enhanced:  0.5428636063200734
-------
