~/NetBeansProjects/thermocompensation/example$ java -ea -Djna.library.path=../lib -jar intopt-0.1-SNAPSHOT-jar-with-dependencies.jar 150601V15 -s2 -e0.01 -g
 150601V15 -s2 -e0.01 -g
...+..+.+.++.+...+.+............................................
Chip 4
100000:[0.04665507733200987,1.2936484177286425]
200000:[0.24117702323322493,1.1220289433064559]
300000:[0.3855975773185491,1.0867160448494055]
400000:[0.40587499411776656,1.0867160448494055]
500000:[0.4204723356912533,1.0867160448494055]
600000:[0.4407987349356214,1.0867160448494055]
700000:[0.4707629604575534,0.9840976754203438]
800000:[0.5047587510198354,0.9840976754203438]
900000:[0.5460302423064907,0.970926327475657]
1000000:[0.5893625461806853,0.970926327475657]
1100000:[0.6228986564092337,0.970926327475657]
1200000:[0.6598191262843708,0.970926327475657]
1300000:[0.696053618720422,0.970926327475657]
1400000:[0.7316820514388381,0.970926327475657]
1500000:[0.7624802215335269,0.970926327475657]
1600000:[0.7858229655151565,0.970926327475657]
1700000:[0.8115079171645143,0.970926327475657]
1800000:[0.8366607637144624,0.970926327475657]
1900000:[0.8623956756976743,0.970926327475657]
2000000:[0.8876786010029414,0.970926327475657]
48 16 101 108 3 24 9 min 0.8920781820391614 max 0.8920781820391614
50608 sec
 48 16 101 108 3 24 9 0 0 0 7 +-0.8928029669138292
31 sec
status = 0
IDEAL interval : 0.8920781820391617
SPECI interval : 0.8928029669138294
MANUF interval : 0.8928029669138294
IDEAL heuristic: 0.8920781820391617
SPECI heuristic: 0.8928029669138294
MANUF heuristic: 0.8928029669138294
-------
Chip 7
100000:[0.567049694713205,1.3644681161579983]
200000:[0.864467833812038,1.3644681161579983]
300000:[1.048367667943239,1.3644681161579983]
400000:[1.1212420399921634,1.3184760105796156]
500000:[1.201135203707963,1.2999539221636949]
63 18 71 115 4 26 5 min 1.2470181117144723 max 1.2470181117144723
14246 sec
 63 18 71 115 4 26 5 0 0 0 7 +-1.2315869110946853
16 sec
status = 0
IDEAL interval : 1.2470181117144725
SPECI interval : 1.2315869110946855
MANUF interval : 1.2315869110946855
IDEAL heuristic: 1.2470181117144725
SPECI heuristic: 1.2315869110946855
MANUF heuristic: 1.2315869110946855
-------
Chip 9
100000:[1.2795378705486653,1.556814635172486]
200000:[1.3590073076387243,1.477715757054587]
63 17 87 117 3 24 6 min 1.4053413843115168 max 1.4119660231905677
5865 sec
 63 16 93 124 4 24 7 0 0 0 7 +-1.4624188905581832
13 sec
status = 0
IDEAL interval : 1.4119660231905682
SPECI interval : 1.407384284771979
MANUF interval : 1.407384284771979
IDEAL heuristic: 1.4502960944858694
SPECI heuristic: 1.4624188905581834
MANUF heuristic: 1.4624188905581834
-------
Chip 11
100000:[0.13975478382781145,1.5080458371279137]
200000:[0.2655516546219587,1.4032784681767223]
300000:[0.2799034292499224,1.333624541138609]
400000:[0.2996941410625974,1.3071295077291627]
500000:[0.35460602988799406,1.2684241817332802]
600000:[0.4151320058541993,1.2097895581585665]
700000:[0.4790449760233362,1.2097895581585665]
800000:[0.5444034673273562,1.2097895581585665]
900000:[0.6069760839454829,1.2097895581585665]
1000000:[0.6492965328507124,1.2097895581585665]
1100000:[0.697996649891138,1.2097895581585665]
1200000:[0.741692914161831,1.2097895581585665]
1300000:[0.7735408865846692,1.1221243812081714]
1400000:[0.8052989852925141,1.1221243812081714]
1500000:[0.8374502675918241,1.1221243812081714]
1600000:[0.8684003852928677,1.1221243812081714]
1700000:[0.8988762064836918,1.1221243812081714]
1800000:[0.9285710138889649,1.1221243812081714]
1900000:[0.9363657478243111,1.1221243812081714]
2000000:[0.9383557465237875,1.1221243812081714]
2100000:[0.9409506934074063,1.1221243812081714]
2200000:[0.9536036495119332,1.1221243812081714]
2300000:[0.9692340735346078,1.111462496841947]
2400000:[0.984881562180817,1.111462496841947]
2500000:[1.0008139268805583,1.111462496841947]
2600000:[1.0166957449788847,1.111462496841947]
2700000:[1.0323849658792217,1.111462496841947]
53 14 120 126 0 28 15 min 1.039807741064578 max 1.039807741064578
65226 sec
 53 14 120 126 0 28 15 0 0 0 7 +-1.045637767451505
34 sec
status = 0
IDEAL interval : 1.0398077410645785
SPECI interval : 1.0456377674515052
MANUF interval : 1.0456377674515052
IDEAL heuristic: 1.0398077410645785
SPECI heuristic: 1.0456377674515052
MANUF heuristic: 1.0456377674515052
-------
Chip 12
100000:[0.09856083523482083,0.7856940284060934]
200000:[0.1034526373259723,0.7262401765522857]
300000:[0.1416300128524502,0.7262401765522857]
400000:[0.19302243413403627,0.655663712726285]
500000:[0.23860711526746547,0.655663712726285]
600000:[0.2980887674105664,0.655663712726285]
700000:[0.35357524997865153,0.655663712726285]
800000:[0.4021636554971337,0.655663712726285]
900000:[0.4405054819459716,0.655663712726285]
1000000:[0.46911042882129544,0.655663712726285]
1100000:[0.4992736397931973,0.655663712726285]
1200000:[0.5291291942509512,0.6513793030753731]
1300000:[0.5594835625961422,0.5736856608030696]
57 13 143 124 9 20 10 min 0.5636857446903983 max 0.5736856608030696
30703 sec
 57 13 147 124 12 20 9 0 0 0 7 +-0.5773469999743005
33 sec
status = 0
IDEAL interval : 0.5736856608030698
SPECI interval : 0.5762972693579893
MANUF interval : 0.5762972693579893
IDEAL heuristic: 0.6070681630323331
SPECI heuristic: 0.5773469999743006
MANUF heuristic: 0.5773469999743006
-------
Chip 14
100000:[0.0,0.993937729547421]
200000:[0.06454254143560925,0.8924442011242111]
300000:[0.16498240409418938,0.811034888960421]
400000:[0.2719072274242838,0.811034888960421]
500000:[0.3620437203596035,0.811034888960421]
600000:[0.40724462782964105,0.811034888960421]
700000:[0.44345177973931027,0.811034888960421]
800000:[0.48171919258311385,0.811034888960421]
900000:[0.5168401527528961,0.811034888960421]
1000000:[0.5510254780141015,0.811034888960421]
1100000:[0.5839034070571263,0.811034888960421]
1200000:[0.6100434406350056,0.811034888960421]
1300000:[0.6358392112888395,0.7811952287641664]
1400000:[0.6592366464125613,0.7528007184155284]
1500000:[0.6804953205088773,0.7117207059636711]
1600000:[0.70144538472717,0.7117207059636711]
62 14 137 116 3 22 10 min 0.7017212389037012 max 0.7117207059636711
35690 sec
 62 14 137 116 3 22 10 0 0 0 7 +-0.7239909605123103
29 sec
status = 0
IDEAL interval : 0.7117207059636713
SPECI interval : 0.7239909605123104
MANUF interval : 0.7239909605123104
IDEAL heuristic: 0.7117207059636713
SPECI heuristic: 0.7239909605123104
MANUF heuristic: 0.7239909605123104
-------
Chip 18
100000:[0.9080543007391193,1.4671232822972038]
200000:[1.0081646943775315,1.4671232822972038]
300000:[1.157082668195168,1.3594610875782864]
400000:[1.275330297028025,1.3594610875782864]
63 20 104 95 5 25 4 min 1.2928955348518987 max 1.3028952185995875
9296 sec
 63 20 104 94 5 25 4 0 0 0 7 +-1.352508216475447
15 sec
status = 0
IDEAL interval : 1.302895218599588
SPECI interval : 1.3107805002170307
MANUF interval : 1.3107805002170307
IDEAL heuristic: 1.335413037023197
SPECI heuristic: 1.3525082164754474
MANUF heuristic: 1.3525082164754474
-------
Chip 20
100000:[0.0331083689816296,1.218828571649889]
200000:[0.09575868754958111,0.7574152865757544]
300000:[0.17028720521678525,0.7439441209038098]
400000:[0.2430190083881219,0.7298738094978033]
500000:[0.31104552621642745,0.7298738094978033]
600000:[0.3306081121166547,0.7298738094978033]
700000:[0.33818163707231474,0.7298738094978033]
800000:[0.34144163628419233,0.7298738094978033]
900000:[0.34625585610046977,0.6328024375252425]
1000000:[0.3515869012723366,0.6270241066813468]
1100000:[0.36499188685168815,0.554116476792842]
1200000:[0.38227712285394466,0.554116476792842]
1300000:[0.4018868048054476,0.554116476792842]
1400000:[0.4236655730443696,0.554116476792842]
1500000:[0.44523081819837285,0.554116476792842]
1600000:[0.46875055367127055,0.554116476792842]
1700000:[0.4917283963101605,0.554116476792842]
1800000:[0.5138855654125412,0.554116476792842]
48 13 140 108 10 21 11 min 0.5230195053542653 max 0.5230195053542653
40196 sec
 48 14 133 98 9 22 9 0 0 0 7 +-0.5428636063200732
34 sec
status = 0
IDEAL interval : 0.5230195053542654
SPECI interval : 0.5601854811732969
MANUF interval : 0.5601854811732969
IDEAL heuristic: 0.5453076789466045
SPECI heuristic: 0.5428636063200734
MANUF heuristic: 0.5428636063200734
-------

