~/NetBeansProjects/thermocompensation/example$ java -ea -Djna.library.path=../lib -jar intopt2.jar P -g
 P -g
Chip 1
100000:[1.9134831084653132,3.2709648272775054]
0 22 79 0 14 1 7 min 2.8977996645467012 max 2.8977996645467012
31 sec
 0 23 75 0 13 3 6 0 0 0 7 +-2.9159515295540435
1 sec
status = 0
IDEAL interval : 2.897799664546702
SPECI interval : 2.915951529554044
MANUF interval : 2.915951529554044
IDEAL heuristic: 2.921908056651366
SPECI heuristic: 2.915951529554044
MANUF heuristic: 2.915951529554044
-------
Chip 2
100000:[0.16697034301346184,2.5147541466290337]
200000:[0.7032167500004954,1.9353962498614283]
300000:[1.1096663972468515,1.9353962498614283]
400000:[1.4710300799769156,1.515152166187845]
17 16 107 0 21 0 8 min 1.5151434189248207 max 1.515152166187845
61 sec
 17 16 107 0 21 0 8 0 0 0 7 +-1.4996224700431666
1 sec
status = 0
IDEAL interval : 1.5151521661878455
SPECI interval : 1.4996224700431668
MANUF interval : 1.4996224700431668
IDEAL heuristic: 1.5151521661878455
SPECI heuristic: 1.4996224700431668
MANUF heuristic: 1.4996224700431668
-------
Chip 3
100000:[2.025075141293841,4.551871187428278]
200000:[2.684905090186592,3.932866500754087]
300000:[3.298101971166569,3.932866500754087]
10 21 66 0 13 2 6 min 3.669780713518006 max 3.669782461946268
58 sec
 10 22 62 0 12 4 5 0 0 0 7 +-3.665743510259333
1 sec
status = 0
IDEAL interval : 3.6697824619462693
SPECI interval : 3.665743510259334
MANUF interval : 3.665743510259334
IDEAL heuristic: 3.6769720762406712
SPECI heuristic: 3.665743510259334
MANUF heuristic: 3.665743510259334
-------
Chip 4
100000:[0.45341622453198677,3.537610342516968]
200000:[0.5084605981582999,3.144553331203477]
300000:[0.5917009634556304,3.11497059437143]
400000:[0.6639500364400467,2.2700525325939793]
500000:[0.7061083470575361,2.2700525325939793]
600000:[0.7481730890602197,2.0995103072046963]
700000:[0.79845532330972,1.8450302306733097]
800000:[0.8888339702436359,1.8450302306733097]
900000:[1.0226511599579233,1.8450302306733097]
1000000:[1.154173228134892,1.8450302306733097]
1100000:[1.279740603905151,1.8450302306733097]
1200000:[1.4026730844471096,1.8450302306733097]
1300000:[1.5213311202375182,1.7990238340924338]
1400000:[1.634934716199727,1.7987219728543957]
1500000:[1.74570756838574,1.7987219728543957]
16 18 138 6 31 14 0 min 1.7987120292328045 max 1.7987219728543957
241 sec
 16 24 102 0 16 19 0 0 0 0 7 +-1.8328839712797078
1 sec
status = 0
IDEAL interval : 1.7987219728543962
SPECI interval : 1.832883971279708
MANUF interval : 1.832883971279708
IDEAL heuristic: 1.844920794349421
SPECI heuristic: 1.832883971279708
MANUF heuristic: 1.832883971279708
-------
Chip 5
100000:[1.534224456358149,3.873336684313656]
200000:[2.3139767015754598,3.4046788611684065]
300000:[2.9631509955660174,3.309675828871723]
4 22 67 0 14 1 6 min 3.0177849818824423 max 3.0177849818824423
48 sec
 4 25 52 0 7 6 5 0 0 0 7 +-3.082574249424413
1 sec
status = 0
IDEAL interval : 3.017784981882443
SPECI interval : 3.082574249424413
MANUF interval : 3.082574249424413
IDEAL heuristic: 3.108932685218828
SPECI heuristic: 3.082574249424413
MANUF heuristic: 3.082574249424413
-------
Chip 6
100000:[0.0,2.349588029844215]
200000:[0.541639592783106,1.497304018917294]
300000:[0.9660129272591023,1.497304018917294]
21 15 119 1 26 0 8 min 1.150882459573301 max 1.150882459573301
54 sec
 21 15 119 1 26 0 8 0 0 0 7 +-1.2497067354860727
1 sec
status = 0
IDEAL interval : 1.1508824595733014
SPECI interval : 1.2497067354860727
MANUF interval : 1.2497067354860727
IDEAL heuristic: 1.1508824595733014
SPECI heuristic: 1.2497067354860727
MANUF heuristic: 1.2497067354860727
-------
Chip 7
100000:[0.6608259758866665,2.5869285285874026]
200000:[1.2190548193927122,2.1027027209251083]
300000:[1.533230323873699,2.1027027209251083]
400000:[1.776708043802571,2.1027027209251083]
11 16 119 0 27 3 6 min 1.803764079857489 max 1.803764079857489
63 sec
 11 16 118 3 27 2 6 0 0 0 7 +-1.8328800010130826
1 sec
status = 0
IDEAL interval : 1.8037640798574894
SPECI interval : 1.832880001013083
MANUF interval : 1.832880001013083
IDEAL heuristic: 1.8755356583804905
SPECI heuristic: 1.832880001013083
MANUF heuristic: 1.832880001013083
-------
Chip 8
100000:[0.7702049269460413,2.8781866098090623]
200000:[1.3021349944247123,2.6864671191834693]
300000:[1.6474245521975976,2.6864671191834693]
400000:[1.938526396666276,2.5595993364534757]
15 19 89 0 16 4 6 min 2.1887661842622532 max 2.1887661842622532
76 sec
 15 19 89 0 16 4 6 0 0 0 7 +-2.166137226626192
1 sec
status = 0
IDEAL interval : 2.188766184262254
SPECI interval : 2.1661372266261925
MANUF interval : 2.1661372266261925
IDEAL heuristic: 2.188766184262254
SPECI heuristic: 2.1661372266261925
MANUF heuristic: 2.1661372266261925
-------

