 P -g -spec
Chip 1 f0=1.2002943E7 CC=0 CF=0
 0 23 75 0 13 3 6 0 0 0 7 +-2.915951529554044
1 sec
1 sec
SPECI heuristic: 2.915951529554044
MANUF heuristic: 2.915951529554044
SPECI enhanced:  2.915951529554044
MANUF enhanced:  2.915951529554044
-------
Chip 2 f0=1.2003021E7 CC=0 CF=0
 17 16 107 0 21 0 8 0 0 0 7 +-1.4996224700431668
1 sec
1 sec
SPECI heuristic: 1.4996224700431668
MANUF heuristic: 1.4996224700431668
SPECI enhanced:  1.4996224700431668
MANUF enhanced:  1.4996224700431668
-------
Chip 3 f0=1.2003022E7 CC=0 CF=0
 10 22 62 0 12 4 5 0 0 0 7 +-3.665743510259334
1 sec
1 sec
SPECI heuristic: 3.665743510259334
MANUF heuristic: 3.665743510259334
SPECI enhanced:  3.665743510259334
MANUF enhanced:  3.665743510259334
-------
Chip 4 f0=1.2002942E7 CC=0 CF=0
 16 24 102 0 16 19 0 0 0 0 7 +-1.832883971279708
1 sec
1 sec
SPECI heuristic: 1.832883971279708
MANUF heuristic: 1.832883971279708
SPECI enhanced:  1.832883971279708
MANUF enhanced:  1.832883971279708
-------
Chip 5 f0=1.2002955E7 CC=0 CF=0
 4 25 52 0 7 6 5 0 0 0 7 +-3.082574249424413
1 sec
1 sec
SPECI heuristic: 3.082574249424413
MANUF heuristic: 3.082574249424413
SPECI enhanced:  3.082574249424413
MANUF enhanced:  3.082574249424413
-------
Chip 6 f0=1.2002816E7 CC=0 CF=0
 21 15 119 1 26 0 8 0 0 0 7 +-1.2497067354860727
1 sec
1 sec
SPECI heuristic: 1.2497067354860727
MANUF heuristic: 1.2497067354860727
SPECI enhanced:  1.2497067354860727
MANUF enhanced:  1.2497067354860727
-------
Chip 7 f0=1.2002968E7 CC=0 CF=0
 11 16 118 3 27 2 6 0 0 0 7 +-1.832880001013083
1 sec
1 sec
SPECI heuristic: 1.832880001013083
MANUF heuristic: 1.832880001013083
SPECI enhanced:  1.832880001013083
MANUF enhanced:  1.832880001013083
-------
Chip 8 f0=1.2002933E7 CC=0 CF=0
 15 19 89 0 16 4 6 0 0 0 7 +-2.1661372266261925
1 sec
1 sec
SPECI heuristic: 2.1661372266261925
MANUF heuristic: 2.1661372266261925
SPECI enhanced:  2.1661372266261925
MANUF enhanced:  2.1661372266261925
-------
