 160914-29-perepay-2 -s1 -g -manuf
.++..?....++..++.....+++...+....................................
Chip 2 f0=1.2000012E7 CC=3 CF=0
 31 19 105 74 2 3 7 0 3 0 7 +-1.5943743157078956
94 sec
56 sec
SPECI heuristic: 1.5943743157078956
MANUF heuristic: 1.5943743157078956
SPECI enhanced:  1.5943743157078956
MANUF enhanced:  1.5943743157078956
-------
Chip 3 f0=1.2000012E7 CC=9 CF=0
 58 15 107 122 0 27 14 0 9 0 7 +-1.050167390975496
43 sec
31 sec
SPECI heuristic: 1.050167390975496
MANUF heuristic: 1.050167390975496
SPECI enhanced:  1.050167390975496
MANUF enhanced:  1.050167390975496
-------
Chip 11 f0=1.2000012E7 CC=6 CF=0
 63 15 57 91 0 31 13 0 6 0 7 +-1.2413891705080815
45 sec
25 sec
SPECI heuristic: 1.2438094679294962
MANUF heuristic: 1.2413891705080815
SPECI enhanced:  1.2438094679294962
MANUF enhanced:  1.2413891705080815
-------
Chip 12 f0=1.2000012E7 CC=2 CF=0
 30 17 89 71 2 4 7 0 2 0 7 +-1.0536908162212322
62 sec
52 sec
SPECI heuristic: 1.0536908162212322
MANUF heuristic: 1.0536908162212322
SPECI enhanced:  1.0536908162212322
MANUF enhanced:  1.0536908162212322
-------
Chip 15 f0=1.2000012E7 CC=1 CF=0
 29 16 78 77 0 1 11 0 1 0 7 +-1.7874082362139787
69 sec
 32 15 82 80 0 0 13 0 0 0 7 +-1.7705093705375112
36 sec
SPECI heuristic: 1.7874082362139787
MANUF heuristic: 1.7874082362139787
SPECI enhanced:  1.7705093705375112
MANUF enhanced:  1.7705093705375112
-------
Chip 16 f0=1.2000012E7 CC=4 CF=0
 58 14 71 86 2 31 15 0 4 0 7 +-1.0714993433278746
44 sec
31 sec
SPECI heuristic: 1.0714993433278746
MANUF heuristic: 1.0714993433278746
SPECI enhanced:  1.0714993433278746
MANUF enhanced:  1.0714993433278746
-------
Chip 22 f0=1.2000012E7 CC=3 CF=0
 23 15 106 49 4 2 12 0 3 0 7 +-1.183571578453321
42 sec
43 sec
SPECI heuristic: 1.2426599959880016
MANUF heuristic: 1.183571578453321
SPECI enhanced:  1.2426599959880016
MANUF enhanced:  1.183571578453321
-------
Chip 23 f0=1.2000012E7 CC=2 CF=0
 36 15 114 78 0 11 13 0 2 0 7 +-1.0400558153619728
26 sec
23 sec
SPECI heuristic: 1.0400558153619728
MANUF heuristic: 1.0400558153619728
SPECI enhanced:  1.0400558153619728
MANUF enhanced:  1.0400558153619728
-------
Chip 24 f0=1.2000012E7 CC=9 CF=0
 51 15 108 87 2 20 12 0 9 0 7 +-0.789639739441486
31 sec
23 sec
SPECI heuristic: 0.789639739441486
MANUF heuristic: 0.789639739441486
SPECI enhanced:  0.789639739441486
MANUF enhanced:  0.789639739441486
-------
Chip 28 f0=1.2000012E7 CC=2 CF=0
 52 15 83 91 0 30 14 0 2 0 7 +-1.1789593525249833
38 sec
 54 19 59 55 0 31 7 0 0 0 7 +-1.160622667326499
27 sec
SPECI heuristic: 1.1789593525249833
MANUF heuristic: 1.1789593525249833
SPECI enhanced:  1.160622667326499
MANUF enhanced:  1.160622667326499
-------
