 160914-29-perepay-2 -s2 -g -spec
.++.......++..++.....+++...+....................................
Chip 2 f0=1.2000012E7 CC=3 CF=0
 31 17 111 79 2 0 9 0 3 0 7 +-1.5315952156317976
89 sec
26 sec
SPECI heuristic: 1.5315952156317976
MANUF heuristic: 1.5433405665842368
SPECI enhanced:  1.5315952156317976
MANUF enhanced:  1.5433405665842368
-------
Chip 3 f0=1.2000012E7 CC=9 CF=0
 58 15 107 123 0 27 14 0 9 0 7 +-1.0473475028628938
38 sec
30 sec
SPECI heuristic: 1.0473475028628938
MANUF heuristic: 1.0371652112208938
SPECI enhanced:  1.0473475028628938
MANUF enhanced:  1.0371652112208938
-------
Chip 11 f0=1.2000012E7 CC=6 CF=0
 63 15 56 91 0 31 13 0 6 0 7 +-1.2894104377733713
29 sec
21 sec
SPECI heuristic: 1.2894104377733713
MANUF heuristic: 1.2894104377733713
SPECI enhanced:  1.2894104377733713
MANUF enhanced:  1.2894104377733713
-------
Chip 12 f0=1.2000012E7 CC=2 CF=0
 31 15 100 76 4 1 9 0 2 0 7 +-0.9937374320029193
54 sec
40 sec
SPECI heuristic: 0.9937374320029193
MANUF heuristic: 0.9937374320029193
SPECI enhanced:  0.9937374320029193
MANUF enhanced:  0.9937374320029193
-------
Chip 15 f0=1.2000012E7 CC=1 CF=0
 32 16 78 74 0 3 11 0 1 0 7 +-1.79428223030405
68 sec
41 sec
SPECI heuristic: 1.79428223030405
MANUF heuristic: 1.79428223030405
SPECI enhanced:  1.79428223030405
MANUF enhanced:  1.79428223030405
-------
Chip 16 f0=1.2000012E7 CC=4 CF=0
 60 17 54 66 1 31 9 0 4 0 7 +-1.0840415515495283
42 sec
23 sec
SPECI heuristic: 1.0840415515495283
MANUF heuristic: 1.0840415515495283
SPECI enhanced:  1.0840415515495283
MANUF enhanced:  1.0840415515495283
-------
Chip 22 f0=1.2000012E7 CC=3 CF=0
 25 15 99 25 4 11 10 0 3 0 7 +-1.3059453600258695
34 sec
47 sec
SPECI heuristic: 1.3059453600258695
MANUF heuristic: 1.2883207130644792
SPECI enhanced:  1.3059453600258695
MANUF enhanced:  1.2883207130644792
-------
Chip 23 f0=1.2000012E7 CC=2 CF=0
 37 14 118 79 0 12 15 0 2 0 7 +-1.0228650126361496
25 sec
23 sec
SPECI heuristic: 1.0228650126361496
MANUF heuristic: 1.0228650126361496
SPECI enhanced:  1.0228650126361496
MANUF enhanced:  1.0228650126361496
-------
Chip 24 f0=1.2000012E7 CC=9 CF=0
 52 17 95 74 0 22 9 0 9 0 7 +-0.8176216920080841
30 sec
25 sec
SPECI heuristic: 0.8176216920080841
MANUF heuristic: 0.8176216920080841
SPECI enhanced:  0.8176216920080841
MANUF enhanced:  0.8176216920080841
-------
Chip 28 f0=1.2000012E7 CC=2 CF=0
 53 18 63 62 0 31 8 0 2 0 7 +-1.1751341144951861
39 sec
28 sec
SPECI heuristic: 1.1751341144951861
MANUF heuristic: 1.1751341144951861
SPECI enhanced:  1.1751341144951861
MANUF enhanced:  1.1751341144951861
-------
