 161002-28-ost -s1 -g -spec
+.+.X+..+++++++.+.+.+.+++++.....................................
Chip 1 f0=1.2000012E7 CC=5 CF=0
 44 12 128 92 17 11 14 0 5 0 7 +-0.7817159327419865
28 sec
17 sec
SPECI heuristic: 0.7817159327419865
MANUF heuristic: 0.7817159327419865
SPECI enhanced:  0.7817159327419865
MANUF enhanced:  0.7817159327419865

(gnuplot.exe:2640): Pango-WARNING **: couldn't load font "Helvetica Not-Rotated 40", falling back to "Sans Not-Rotated 40", expect ugly output.
-------
Chip 3 f0=1.2000012E7 CC=10 CF=0
 18 21 105 73 1 2 7 0 10 0 7 +-1.4409742606173603
28 sec
19 sec
SPECI heuristic: 1.4409742606173603
MANUF heuristic: 1.4262924841885516
SPECI enhanced:  1.4409742606173603
MANUF enhanced:  1.4262924841885516

(gnuplot.exe:4372): Pango-WARNING **: couldn't load font "Helvetica Not-Rotated 40", falling back to "Sans Not-Rotated 40", expect ugly output.
-------
Chip 6 f0=1.2000012E7 CC=13 CF=0
 22 16 142 62 12 4 8 0 13 0 7 +-0.7010971263076112
19 sec
18 sec
SPECI heuristic: 0.7010971263076112
MANUF heuristic: 0.7010971263076112
SPECI enhanced:  0.7010971263076112
MANUF enhanced:  0.7010971263076112

(gnuplot.exe:4948): Pango-WARNING **: couldn't load font "Helvetica Not-Rotated 40", falling back to "Sans Not-Rotated 40", expect ugly output.
-------
Chip 9 f0=1.2000012E7 CC=11 CF=0
 28 19 136 84 4 7 6 0 11 0 7 +-0.9644485879048836
19 sec
16 sec
SPECI heuristic: 0.9644485879048836
MANUF heuristic: 0.9644485879048836
SPECI enhanced:  0.9644485879048836
MANUF enhanced:  0.9644485879048836

(gnuplot.exe:5088): Pango-WARNING **: couldn't load font "Helvetica Not-Rotated 40", falling back to "Sans Not-Rotated 40", expect ugly output.
-------
Chip 10 f0=1.2000012E7 CC=1 CF=0
 52 18 43 51 2 28 6 0 1 0 7 +-0.9452467398243412
29 sec
18 sec
SPECI heuristic: 0.9452467398243412
MANUF heuristic: 0.9452467398243412
SPECI enhanced:  0.9452467398243412
MANUF enhanced:  0.9452467398243412

(gnuplot.exe:3572): Pango-WARNING **: couldn't load font "Helvetica Not-Rotated 40", falling back to "Sans Not-Rotated 40", expect ugly output.
-------
Chip 11 f0=1.2000012E7 CC=13 CF=0
 32 14 109 48 12 12 13 0 13 0 7 +-0.7260904908487003
17 sec
15 sec
SPECI heuristic: 0.7260904908487003
MANUF heuristic: 0.7260904908487003
SPECI enhanced:  0.7260904908487003
MANUF enhanced:  0.7260904908487003

(gnuplot.exe:3476): Pango-WARNING **: couldn't load font "Helvetica Not-Rotated 40", falling back to "Sans Not-Rotated 40", expect ugly output.
-------
Chip 12 f0=1.2000012E7 CC=5 CF=0
 59 20 57 74 1 30 6 0 5 0 7 +-1.098080140642909
24 sec
15 sec
SPECI heuristic: 1.098080140642909
MANUF heuristic: 1.098080140642909
SPECI enhanced:  1.098080140642909
MANUF enhanced:  1.098080140642909

(gnuplot.exe:1180): Pango-WARNING **: couldn't load font "Helvetica Not-Rotated 40", falling back to "Sans Not-Rotated 40", expect ugly output.
-------
Chip 13 f0=1.2000012E7 CC=0 CF=0
 48 17 84 96 0 29 10 0 0 0 7 +-0.8765665664900865
22 sec
 48 14 107 124 6 30 15 0 0 0 7 +-0.8576840881587839
22 sec
SPECI heuristic: 0.8765665664900865
MANUF heuristic: 0.8644742266689742
SPECI enhanced:  0.8576840881587839
MANUF enhanced:  0.8576840881587839

(gnuplot.exe:5256): Pango-WARNING **: couldn't load font "Helvetica Not-Rotated 40", falling back to "Sans Not-Rotated 40", expect ugly output.
-------
Chip 14 f0=1.2000012E7 CC=14 CF=0
 43 15 111 77 1 18 15 0 14 0 7 +-0.8569358901171271
17 sec
13 sec
SPECI heuristic: 0.8569358901171271
MANUF heuristic: 0.8569358901171271
SPECI enhanced:  0.8569358901171271
MANUF enhanced:  0.8569358901171271

(gnuplot.exe:2992): Pango-WARNING **: couldn't load font "Helvetica Not-Rotated 40", falling back to "Sans Not-Rotated 40", expect ugly output.
-------
Chip 15 f0=1.2000012E7 CC=2 CF=0
 55 13 106 126 0 22 15 0 2 0 7 +-1.1070442474325721
25 sec
13 sec
SPECI heuristic: 1.1070442474325721
MANUF heuristic: 1.1070442474325721
SPECI enhanced:  1.1070442474325721
MANUF enhanced:  1.1070442474325721

(gnuplot.exe:6904): Pango-WARNING **: couldn't load font "Helvetica Not-Rotated 40", falling back to "Sans Not-Rotated 40", expect ugly output.
-------
Chip 17 f0=1.2000012E7 CC=0 CF=0
 45 14 127 96 9 24 13 0 0 0 7 +-0.7113228117950385
22 sec
14 sec
SPECI heuristic: 0.7113228117950385
MANUF heuristic: 0.7113228117950385
SPECI enhanced:  0.7113228117950385
MANUF enhanced:  0.7113228117950385

(gnuplot.exe:4760): Pango-WARNING **: couldn't load font "Helvetica Not-Rotated 40", falling back to "Sans Not-Rotated 40", expect ugly output.
-------
Chip 19 f0=1.2000012E7 CC=2 CF=0
 56 18 84 84 2 27 7 0 2 0 7 +-0.8145315438230346
22 sec
14 sec
SPECI heuristic: 0.8145315438230346
MANUF heuristic: 0.8145315438230346
SPECI enhanced:  0.8145315438230346
MANUF enhanced:  0.8145315438230346

(gnuplot.exe:4960): Pango-WARNING **: couldn't load font "Helvetica Not-Rotated 40", falling back to "Sans Not-Rotated 40", expect ugly output.
-------
Chip 21 f0=1.2000012E7 CC=14 CF=0
 37 16 119 75 4 8 9 0 14 0 7 +-0.7633777752792046
9 sec
15 sec
SPECI heuristic: 0.7633777752792046
MANUF heuristic: 0.7633777752792046
SPECI enhanced:  0.7633777752792046
MANUF enhanced:  0.7633777752792046

(gnuplot.exe:4396): Pango-WARNING **: couldn't load font "Helvetica Not-Rotated 40", falling back to "Sans Not-Rotated 40", expect ugly output.
-------
Chip 23 f0=1.2000012E7 CC=15 CF=0
 25 16 152 71 12 2 10 0 15 0 7 +-0.8680847691382064
22 sec
19 sec
SPECI heuristic: 0.8680847691382064
MANUF heuristic: 0.8680847691382064
SPECI enhanced:  0.8680847691382064
MANUF enhanced:  0.8680847691382064

(gnuplot.exe:5500): Pango-WARNING **: couldn't load font "Helvetica Not-Rotated 40", falling back to "Sans Not-Rotated 40", expect ugly output.
-------
Chip 24 f0=1.2000012E7 CC=15 CF=0
 11 20 102 20 8 11 4 0 15 0 7 +-1.048621638415154
33 sec
27 sec
SPECI heuristic: 1.048621638415154
MANUF heuristic: 1.048621638415154
SPECI enhanced:  1.048621638415154
MANUF enhanced:  1.048621638415154

(gnuplot.exe:3664): Pango-WARNING **: couldn't load font "Helvetica Not-Rotated 40", falling back to "Sans Not-Rotated 40", expect ugly output.
-------
Chip 25 f0=1.2000012E7 CC=15 CF=0
 30 16 129 82 5 4 12 0 15 0 7 +-1.0462063102155876
15 sec
17 sec
SPECI heuristic: 1.0462063102155876
MANUF heuristic: 1.0462063102155876
SPECI enhanced:  1.0462063102155876
MANUF enhanced:  1.0462063102155876

(gnuplot.exe:1112): Pango-WARNING **: couldn't load font "Helvetica Not-Rotated 40", falling back to "Sans Not-Rotated 40", expect ugly output.
-------
Chip 26 f0=1.2000012E7 CC=15 CF=0
 33 21 79 35 2 15 4 0 15 0 7 +-0.8792118215500332
24 sec
21 sec
SPECI heuristic: 0.8792118215500332
MANUF heuristic: 0.8792118215500332
SPECI enhanced:  0.8792118215500332
MANUF enhanced:  0.8792118215500332

(gnuplot.exe:2648): Pango-WARNING **: couldn't load font "Helvetica Not-Rotated 40", falling back to "Sans Not-Rotated 40", expect ugly output.
-------
Chip 27 f0=1.2000012E7 CC=0 CF=0
 57 14 126 123 0 19 11 0 0 0 7 +-0.920659949334562
18 sec
15 sec
SPECI heuristic: 0.920659949334562
MANUF heuristic: 0.920659949334562
SPECI enhanced:  0.920659949334562
MANUF enhanced:  0.920659949334562

(gnuplot.exe:6456): Pango-WARNING **: couldn't load font "Helvetica Not-Rotated 40", falling back to "Sans Not-Rotated 40", expect ugly output.
-------
