 161002-28-ost -s2 -g -spec
+.+..+..+++++++.+.+.+.+++++.....................................
Chip 1 f0=1.2000012E7 CC=5 CF=0
 45 14 104 77 6 15 12 0 5 0 7 +-0.9113654239061234
43 sec
40 sec
SPECI heuristic: 0.9113654239061234
MANUF heuristic: 0.9113654239061234
SPECI enhanced:  0.9113654239061234
MANUF enhanced:  0.9113654239061234
-------
Chip 3 f0=1.2000012E7 CC=10 CF=0
 19 21 102 70 0 3 7 0 10 0 7 +-1.3623905085440078
49 sec
24 sec
SPECI heuristic: 1.3623905085440078
MANUF heuristic: 1.3623905085440078
SPECI enhanced:  1.3623905085440078
MANUF enhanced:  1.3623905085440078
-------
Chip 6 f0=1.2000012E7 CC=13 CF=0
 22 15 146 71 12 0 10 0 13 0 7 +-0.6811477664142428
35 sec
 21 16 141 66 12 3 8 0 0 0 7 +-0.6737421801389902
 22 15 145 63 13 3 9 0 0 0 7 +-0.6558816559480204
41 sec
SPECI heuristic: 0.6811477664142428
MANUF heuristic: 0.6723723342136513
SPECI enhanced:  0.6558816559480204
MANUF enhanced:  0.6578441400191746
-------
Chip 9 f0=1.2000012E7 CC=11 CF=0
 29 15 165 100 10 0 10 0 11 0 7 +-0.9521162143656978
33 sec
35 sec
SPECI heuristic: 0.9521162143656978
MANUF heuristic: 0.9521162143656978
SPECI enhanced:  0.9521162143656978
MANUF enhanced:  0.9521162143656978
-------
Chip 10 f0=1.2000012E7 CC=1 CF=0
 50 13 65 82 5 27 14 0 1 0 7 +-1.0512403515843682
55 sec
 47 14 70 84 5 22 12 0 0 0 7 +-1.0132666994008852
 48 12 81 88 11 26 15 0 0 0 7 +-1.0021594698597953
 48 15 63 74 4 24 10 0 0 0 7 +-1.0002998504193632
 48 16 58 65 4 25 8 0 0 0 7 +-0.9898892493122369
 49 13 74 82 9 26 13 0 0 0 7 +-0.9870559031362282
 49 14 64 79 4 25 12 0 0 0 7 +-0.9752447052600838
 50 13 66 79 5 28 14 0 0 0 7 +-0.9672272810224585
 50 15 56 67 3 27 10 0 0 0 7 +-0.9632000577994434
 50 18 47 55 2 26 6 0 0 0 7 +-0.9518055009406917
 51 14 60 73 4 28 12 0 0 0 7 +-0.9303964325175039
75 sec
SPECI heuristic: 1.0512403515843682
MANUF heuristic: 0.9285381471953258
SPECI enhanced:  0.9303964325175039
MANUF enhanced:  0.9303964325175039
-------
Chip 11 f0=1.2000012E7 CC=13 CF=0
 32 14 107 52 10 10 14 0 13 0 7 +-0.8191360515784739
32 sec
 32 14 105 58 8 8 15 0 0 0 7 +-0.816736615140988
35 sec
SPECI heuristic: 0.8191360515784739
MANUF heuristic: 0.8191360515784739
SPECI enhanced:  0.816736615140988
MANUF enhanced:  0.816736615140988
-------
Chip 12 f0=1.2000012E7 CC=5 CF=0
 59 20 58 73 1 30 6 0 5 0 7 +-1.1187018262871795
45 sec
29 sec
SPECI heuristic: 1.1187018262871795
MANUF heuristic: 1.1187018262871795
SPECI enhanced:  1.1187018262871795
MANUF enhanced:  1.1187018262871795
-------
Chip 13 f0=1.2000012E7 CC=0 CF=0
 46 16 95 106 2 27 11 0 0 0 7 +-0.8329590716868084
38 sec
 47 15 104 111 6 29 12 0 0 0 7 +-0.8269630272145173
30 sec
SPECI heuristic: 0.8329590716868084
MANUF heuristic: 0.8329590716868084
SPECI enhanced:  0.8269630272145173
MANUF enhanced:  0.8269630272145173
-------
Chip 14 f0=1.2000012E7 CC=14 CF=0
 44 16 105 67 2 21 12 0 14 0 7 +-0.8204804160779915
34 sec
29 sec
SPECI heuristic: 0.8204804160779915
MANUF heuristic: 0.8204804160779915
SPECI enhanced:  0.8204804160779915
MANUF enhanced:  0.8204804160779915
-------
Chip 15 f0=1.2000012E7 CC=2 CF=0
 54 15 94 102 0 23 10 0 2 0 7 +-1.1024378996960063
54 sec
 54 13 108 120 2 22 14 0 0 0 7 +-1.0938245160643656
34 sec
SPECI heuristic: 1.1024378996960063
MANUF heuristic: 1.1024378996960063
SPECI enhanced:  1.0938245160643656
MANUF enhanced:  1.0938245160643656
-------
Chip 17 f0=1.2000012E7 CC=0 CF=0
 44 17 104 82 2 22 9 0 0 0 7 +-0.7911890935778428
30 sec
 44 15 118 96 5 21 12 0 0 0 7 +-0.782234778548717
28 sec
SPECI heuristic: 0.7911890935778428
MANUF heuristic: 0.7911890935778428
SPECI enhanced:  0.782234778548717
MANUF enhanced:  0.8285484820165129
-------
Chip 19 f0=1.2000012E7 CC=2 CF=0
 55 15 99 105 2 27 12 0 2 0 7 +-0.7941150239906141
35 sec
22 sec
SPECI heuristic: 0.7941150239906141
MANUF heuristic: 0.7941150239906141
SPECI enhanced:  0.7941150239906141
MANUF enhanced:  0.7941150239906141
-------
Chip 21 f0=1.2000012E7 CC=14 CF=0
 37 14 139 78 10 6 11 0 14 0 7 +-0.6949709704586019
33 sec
35 sec
SPECI heuristic: 0.6949709704586019
MANUF heuristic: 0.6949709704586019
SPECI enhanced:  0.6949709704586019
MANUF enhanced:  0.6949709704586019
-------
Chip 23 f0=1.2000012E7 CC=15 CF=0
 24 20 123 57 5 9 6 0 15 0 7 +-0.7818034718541871
32 sec
28 sec
SPECI heuristic: 0.7818034718541871
MANUF heuristic: 0.7818034718541871
SPECI enhanced:  0.7818034718541871
MANUF enhanced:  0.7818034718541871
-------
Chip 24 f0=1.2000012E7 CC=15 CF=0
 12 19 114 29 11 7 5 0 15 0 7 +-0.9392363224203494
55 sec
43 sec
SPECI heuristic: 0.9392363224203494
MANUF heuristic: 0.9392363224203494
SPECI enhanced:  0.9392363224203494
MANUF enhanced:  0.9392363224203494
-------
Chip 25 f0=1.2000012E7 CC=15 CF=0
 30 15 135 80 6 5 13 0 15 0 7 +-0.9212390316281982
44 sec
 30 16 130 81 5 4 12 0 0 0 7 +-0.9143700061390939
30 sec
SPECI heuristic: 0.9212390316281982
MANUF heuristic: 0.9212390316281982
SPECI enhanced:  0.9143700061390939
MANUF enhanced:  0.9143700061390939
-------
Chip 26 f0=1.2000012E7 CC=15 CF=0
 34 15 110 49 9 8 9 0 15 0 7 +-0.8372891555859536
40 sec
42 sec
SPECI heuristic: 0.8372891555859536
MANUF heuristic: 0.8372891555859536
SPECI enhanced:  0.8372891555859536
MANUF enhanced:  0.8372891555859536
-------
Chip 27 f0=1.2000012E7 CC=0 CF=0
 57 14 129 125 0 19 11 0 0 0 7 +-0.8975154595761065
46 sec
28 sec
SPECI heuristic: 0.8975154595761065
MANUF heuristic: 0.8975154595761065
SPECI enhanced:  0.8975154595761065
MANUF enhanced:  0.8975154595761065
-------
